<?xml version="1.0" encoding="UTF-8"?>
<!-- Generated by org.testng.reporters.JUnitReportReporter -->
<testsuite hostname="IN-95002526-4" failures="0" tests="1" name="com.basicfunction.pageobjects.Adb" time="0.272" errors="0" timestamp="2023-01-15T13:12:37 IST" skipped="0">
  <testcase classname="com.basicfunction.pageobjects.Adb" name="testadb" time="0.272"/>
  <system-out/>
</testsuite> <!-- com.basicfunction.pageobjects.Adb -->
