<?xml version="1.0" encoding="UTF-8"?>
<!-- Generated by org.testng.reporters.JUnitReportReporter -->
<testsuite hostname="IN-95002526-4" failures="0" tests="1" name="com.test.appium.YoutubeTest" time="23.706" errors="0" timestamp="2023-01-17T12:29:56 IST" skipped="0">
  <testcase classname="com.test.appium.YoutubeTest" name="testcal" time="23.706"/>
  <system-out/>
</testsuite> <!-- com.test.appium.YoutubeTest -->
