<?xml version="1.0" encoding="UTF-8"?>
<!-- Generated by org.testng.reporters.JUnitReportReporter -->
<testsuite hostname="IN-95002526-4" failures="0" tests="1" name="com.test.appium.calcu" time="17.846" errors="0" timestamp="2023-01-15T13:22:08 IST" skipped="0">
  <testcase classname="com.test.appium.calcu" name="testcal" time="17.846"/>
  <system-out/>
</testsuite> <!-- com.test.appium.calcu -->
