<?xml version="1.0" encoding="UTF-8"?>
<!-- Generated by org.testng.reporters.JUnitReportReporter -->
<testsuite hostname="IN-95002526-4" failures="0" tests="1" name="com.test.appium.InstaTest" time="26.996" errors="0" timestamp="2023-01-17T14:33:11 IST" skipped="0">
  <testcase classname="com.test.appium.InstaTest" name="testinsta" time="26.996"/>
  <system-out/>
</testsuite> <!-- com.test.appium.InstaTest -->
